18:38:35.007 [main] INFO  org.springframework.web.context.ContextLoader - Root WebApplicationContext: initialization started
18:38:35.455 [main] INFO  org.springframework.data.repository.config.RepositoryConfigurationDelegate - Bootstrapping Spring Data JPA repositories in DEFAULT mode.
18:38:35.558 [main] INFO  org.springframework.data.repository.config.RepositoryConfigurationDelegate - Finished Spring Data repository scanning in 83 ms. Found 2 JPA repository interfaces.
18:38:35.595 [main] INFO  org.springframework.data.repository.config.RepositoryConfigurationDelegate - Bootstrapping Spring Data JPA repositories in DEFAULT mode.
18:38:35.606 [main] INFO  org.springframework.data.repository.config.RepositoryConfigurationDelegate - Finished Spring Data repository scanning in 10 ms. Found 2 JPA repository interfaces.
18:38:36.014 [main] INFO  org.hibernate.jpa.internal.util.LogHelper - HHH000204: Processing PersistenceUnitInfo [name: default]
18:38:36.122 [main] INFO  org.hibernate.Version - HHH000412: Hibernate ORM core version 5.6.11.Final
18:38:39.001 [main] INFO  org.hibernate.dialect.Dialect - HHH000400: Using dialect: org.hibernate.dialect.MySQLDialect
18:38:39.947 [main] INFO  org.hibernate.engine.transaction.jta.platform.internal.JtaPlatformInitiator - HHH000490: Using JtaPlatform implementation: [org.hibernate.engine.transaction.jta.platform.internal.NoJtaPlatform]
18:38:39.963 [main] INFO  org.springframework.orm.jpa.LocalContainerEntityManagerFactoryBean - Initialized JPA EntityManagerFactory for persistence unit 'default'
18:38:40.636 [main] INFO  org.springframework.web.context.ContextLoader - Root WebApplicationContext initialized in 5608 ms
18:47:35.967 [main] INFO  org.springframework.web.context.ContextLoader - Root WebApplicationContext: initialization started
18:47:36.405 [main] INFO  org.springframework.data.repository.config.RepositoryConfigurationDelegate - Bootstrapping Spring Data JPA repositories in DEFAULT mode.
18:47:36.525 [main] INFO  org.springframework.data.repository.config.RepositoryConfigurationDelegate - Finished Spring Data repository scanning in 98 ms. Found 2 JPA repository interfaces.
18:47:36.552 [main] INFO  org.springframework.data.repository.config.RepositoryConfigurationDelegate - Bootstrapping Spring Data JPA repositories in DEFAULT mode.
18:47:36.561 [main] INFO  org.springframework.data.repository.config.RepositoryConfigurationDelegate - Finished Spring Data repository scanning in 8 ms. Found 2 JPA repository interfaces.
18:47:36.985 [main] INFO  org.hibernate.jpa.internal.util.LogHelper - HHH000204: Processing PersistenceUnitInfo [name: default]
18:47:37.107 [main] INFO  org.hibernate.Version - HHH000412: Hibernate ORM core version 5.6.11.Final
18:47:40.301 [main] INFO  org.hibernate.dialect.Dialect - HHH000400: Using dialect: org.hibernate.dialect.MySQLDialect
18:47:41.228 [main] INFO  org.hibernate.engine.transaction.jta.platform.internal.JtaPlatformInitiator - HHH000490: Using JtaPlatform implementation: [org.hibernate.engine.transaction.jta.platform.internal.NoJtaPlatform]
18:47:41.245 [main] INFO  org.springframework.orm.jpa.LocalContainerEntityManagerFactoryBean - Initialized JPA EntityManagerFactory for persistence unit 'default'
18:47:41.989 [main] INFO  org.springframework.web.context.ContextLoader - Root WebApplicationContext initialized in 6006 ms
18:47:53.136 [Catalina-utility-1] INFO  org.springframework.orm.jpa.LocalContainerEntityManagerFactoryBean - Closing JPA EntityManagerFactory for persistence unit 'default'
18:47:55.919 [Catalina-utility-1] INFO  org.springframework.web.context.ContextLoader - Root WebApplicationContext: initialization started
18:47:56.242 [Catalina-utility-1] INFO  org.springframework.data.repository.config.RepositoryConfigurationDelegate - Bootstrapping Spring Data JPA repositories in DEFAULT mode.
18:47:56.314 [Catalina-utility-1] INFO  org.springframework.data.repository.config.RepositoryConfigurationDelegate - Finished Spring Data repository scanning in 60 ms. Found 2 JPA repository interfaces.
18:47:56.330 [Catalina-utility-1] INFO  org.springframework.data.repository.config.RepositoryConfigurationDelegate - Bootstrapping Spring Data JPA repositories in DEFAULT mode.
18:47:56.338 [Catalina-utility-1] INFO  org.springframework.data.repository.config.RepositoryConfigurationDelegate - Finished Spring Data repository scanning in 7 ms. Found 2 JPA repository interfaces.
18:47:56.683 [Catalina-utility-1] INFO  org.hibernate.jpa.internal.util.LogHelper - HHH000204: Processing PersistenceUnitInfo [name: default]
18:47:56.774 [Catalina-utility-1] INFO  org.hibernate.Version - HHH000412: Hibernate ORM core version 5.6.11.Final
18:47:59.447 [Catalina-utility-1] INFO  org.hibernate.dialect.Dialect - HHH000400: Using dialect: org.hibernate.dialect.MySQLDialect
18:48:00.289 [Catalina-utility-1] INFO  org.hibernate.engine.transaction.jta.platform.internal.JtaPlatformInitiator - HHH000490: Using JtaPlatform implementation: [org.hibernate.engine.transaction.jta.platform.internal.NoJtaPlatform]
18:48:00.302 [Catalina-utility-1] INFO  org.springframework.orm.jpa.LocalContainerEntityManagerFactoryBean - Initialized JPA EntityManagerFactory for persistence unit 'default'
18:48:00.918 [Catalina-utility-1] INFO  org.springframework.web.context.ContextLoader - Root WebApplicationContext initialized in 4990 ms
18:48:48.355 [main] INFO  org.springframework.web.context.ContextLoader - Root WebApplicationContext: initialization started
18:48:48.786 [main] INFO  org.springframework.data.repository.config.RepositoryConfigurationDelegate - Bootstrapping Spring Data JPA repositories in DEFAULT mode.
18:48:48.888 [main] INFO  org.springframework.data.repository.config.RepositoryConfigurationDelegate - Finished Spring Data repository scanning in 76 ms. Found 2 JPA repository interfaces.
18:48:48.917 [main] INFO  org.springframework.data.repository.config.RepositoryConfigurationDelegate - Bootstrapping Spring Data JPA repositories in DEFAULT mode.
18:48:48.931 [main] INFO  org.springframework.data.repository.config.RepositoryConfigurationDelegate - Finished Spring Data repository scanning in 10 ms. Found 2 JPA repository interfaces.
18:48:49.317 [main] INFO  org.hibernate.jpa.internal.util.LogHelper - HHH000204: Processing PersistenceUnitInfo [name: default]
18:48:49.416 [main] INFO  org.hibernate.Version - HHH000412: Hibernate ORM core version 5.6.11.Final
18:48:52.357 [main] INFO  org.hibernate.dialect.Dialect - HHH000400: Using dialect: org.hibernate.dialect.MySQLDialect
18:48:53.221 [main] INFO  org.hibernate.engine.transaction.jta.platform.internal.JtaPlatformInitiator - HHH000490: Using JtaPlatform implementation: [org.hibernate.engine.transaction.jta.platform.internal.NoJtaPlatform]
18:48:53.237 [main] INFO  org.springframework.orm.jpa.LocalContainerEntityManagerFactoryBean - Initialized JPA EntityManagerFactory for persistence unit 'default'
18:48:53.887 [main] INFO  org.springframework.web.context.ContextLoader - Root WebApplicationContext initialized in 5523 ms
18:51:19.244 [main] INFO  org.springframework.web.context.ContextLoader - Root WebApplicationContext: initialization started
18:51:19.749 [main] INFO  org.springframework.data.repository.config.RepositoryConfigurationDelegate - Bootstrapping Spring Data JPA repositories in DEFAULT mode.
18:51:19.870 [main] INFO  org.springframework.data.repository.config.RepositoryConfigurationDelegate - Finished Spring Data repository scanning in 99 ms. Found 2 JPA repository interfaces.
18:51:19.899 [main] INFO  org.springframework.data.repository.config.RepositoryConfigurationDelegate - Bootstrapping Spring Data JPA repositories in DEFAULT mode.
18:51:19.917 [main] INFO  org.springframework.data.repository.config.RepositoryConfigurationDelegate - Finished Spring Data repository scanning in 17 ms. Found 2 JPA repository interfaces.
18:51:20.316 [main] INFO  org.hibernate.jpa.internal.util.LogHelper - HHH000204: Processing PersistenceUnitInfo [name: default]
18:51:20.415 [main] INFO  org.hibernate.Version - HHH000412: Hibernate ORM core version 5.6.11.Final
18:51:23.378 [main] INFO  org.hibernate.dialect.Dialect - HHH000400: Using dialect: org.hibernate.dialect.MySQLDialect
18:51:24.252 [main] INFO  org.hibernate.engine.transaction.jta.platform.internal.JtaPlatformInitiator - HHH000490: Using JtaPlatform implementation: [org.hibernate.engine.transaction.jta.platform.internal.NoJtaPlatform]
18:51:24.267 [main] INFO  org.springframework.orm.jpa.LocalContainerEntityManagerFactoryBean - Initialized JPA EntityManagerFactory for persistence unit 'default'
18:51:24.924 [main] INFO  org.springframework.web.context.ContextLoader - Root WebApplicationContext initialized in 5661 ms
18:53:01.947 [main] INFO  org.springframework.web.context.ContextLoader - Root WebApplicationContext: initialization started
18:53:02.393 [main] INFO  org.springframework.data.repository.config.RepositoryConfigurationDelegate - Bootstrapping Spring Data JPA repositories in DEFAULT mode.
18:53:02.512 [main] INFO  org.springframework.data.repository.config.RepositoryConfigurationDelegate - Finished Spring Data repository scanning in 96 ms. Found 2 JPA repository interfaces.
18:53:02.545 [main] INFO  org.springframework.data.repository.config.RepositoryConfigurationDelegate - Bootstrapping Spring Data JPA repositories in DEFAULT mode.
18:53:02.555 [main] INFO  org.springframework.data.repository.config.RepositoryConfigurationDelegate - Finished Spring Data repository scanning in 9 ms. Found 2 JPA repository interfaces.
18:53:02.973 [main] INFO  org.hibernate.jpa.internal.util.LogHelper - HHH000204: Processing PersistenceUnitInfo [name: default]
18:53:03.149 [main] INFO  org.hibernate.Version - HHH000412: Hibernate ORM core version 5.6.11.Final
18:53:06.095 [main] INFO  org.hibernate.dialect.Dialect - HHH000400: Using dialect: org.hibernate.dialect.MySQLDialect
18:53:07.039 [main] INFO  org.hibernate.engine.transaction.jta.platform.internal.JtaPlatformInitiator - HHH000490: Using JtaPlatform implementation: [org.hibernate.engine.transaction.jta.platform.internal.NoJtaPlatform]
18:53:07.059 [main] INFO  org.springframework.orm.jpa.LocalContainerEntityManagerFactoryBean - Initialized JPA EntityManagerFactory for persistence unit 'default'
18:53:07.782 [main] INFO  org.springframework.web.context.ContextLoader - Root WebApplicationContext initialized in 5818 ms
18:53:24.338 [http-nio-8080-exec-5] INFO  com.lostriver.tendamusicalweb.controllers.HomeController - INFO
18:53:24.338 [http-nio-8080-exec-5] WARN  com.lostriver.tendamusicalweb.controllers.HomeController - WARN
18:53:24.338 [http-nio-8080-exec-5] ERROR com.lostriver.tendamusicalweb.controllers.HomeController - ERROR
18:53:24.338 [http-nio-8080-exec-5] FATAL com.lostriver.tendamusicalweb.controllers.HomeController - FATAL
18:53:31.180 [http-nio-8080-exec-9] INFO  com.lostriver.tendamusicalweb.controllers.HomeController - Artista: Arctic Monkeys
18:53:31.180 [http-nio-8080-exec-9] INFO  com.lostriver.tendamusicalweb.controllers.HomeController - Artista: Iron Maiden
18:53:31.180 [http-nio-8080-exec-9] INFO  com.lostriver.tendamusicalweb.controllers.HomeController - Artista: Metallica
18:53:31.180 [http-nio-8080-exec-9] INFO  com.lostriver.tendamusicalweb.controllers.HomeController - Artista: Metallica
18:53:31.180 [http-nio-8080-exec-9] INFO  com.lostriver.tendamusicalweb.controllers.HomeController - Artista: Muse
19:00:35.493 [main] INFO  org.springframework.web.context.ContextLoader - Root WebApplicationContext: initialization started
19:00:36.007 [main] INFO  org.springframework.data.repository.config.RepositoryConfigurationDelegate - Bootstrapping Spring Data JPA repositories in DEFAULT mode.
19:00:36.120 [main] INFO  org.springframework.data.repository.config.RepositoryConfigurationDelegate - Finished Spring Data repository scanning in 90 ms. Found 2 JPA repository interfaces.
19:00:36.165 [main] INFO  org.springframework.data.repository.config.RepositoryConfigurationDelegate - Bootstrapping Spring Data JPA repositories in DEFAULT mode.
19:00:36.182 [main] INFO  org.springframework.data.repository.config.RepositoryConfigurationDelegate - Finished Spring Data repository scanning in 16 ms. Found 2 JPA repository interfaces.
19:00:36.619 [main] INFO  org.hibernate.jpa.internal.util.LogHelper - HHH000204: Processing PersistenceUnitInfo [name: default]
19:00:36.775 [main] INFO  org.hibernate.Version - HHH000412: Hibernate ORM core version 5.6.11.Final
19:00:39.744 [main] INFO  org.hibernate.dialect.Dialect - HHH000400: Using dialect: org.hibernate.dialect.MySQLDialect
19:00:40.680 [main] INFO  org.hibernate.engine.transaction.jta.platform.internal.JtaPlatformInitiator - HHH000490: Using JtaPlatform implementation: [org.hibernate.engine.transaction.jta.platform.internal.NoJtaPlatform]
19:00:40.698 [main] INFO  org.springframework.orm.jpa.LocalContainerEntityManagerFactoryBean - Initialized JPA EntityManagerFactory for persistence unit 'default'
19:00:41.438 [main] INFO  org.springframework.web.context.ContextLoader - Root WebApplicationContext initialized in 5933 ms
11:36:29.276 [main] INFO  org.springframework.web.context.ContextLoader - Root WebApplicationContext: initialization started
11:36:29.778 [main] INFO  org.springframework.data.repository.config.RepositoryConfigurationDelegate - Bootstrapping Spring Data JPA repositories in DEFAULT mode.
11:36:29.911 [main] INFO  org.springframework.data.repository.config.RepositoryConfigurationDelegate - Finished Spring Data repository scanning in 111 ms. Found 2 JPA repository interfaces.
11:36:29.984 [main] INFO  org.springframework.data.repository.config.RepositoryConfigurationDelegate - Bootstrapping Spring Data JPA repositories in DEFAULT mode.
11:36:29.997 [main] INFO  org.springframework.data.repository.config.RepositoryConfigurationDelegate - Finished Spring Data repository scanning in 12 ms. Found 2 JPA repository interfaces.
11:36:30.400 [main] INFO  org.hibernate.jpa.internal.util.LogHelper - HHH000204: Processing PersistenceUnitInfo [name: default]
11:36:30.516 [main] INFO  org.hibernate.Version - HHH000412: Hibernate ORM core version 5.6.11.Final
11:36:33.675 [main] INFO  org.hibernate.dialect.Dialect - HHH000400: Using dialect: org.hibernate.dialect.MySQLDialect
11:36:34.610 [main] INFO  org.hibernate.engine.transaction.jta.platform.internal.JtaPlatformInitiator - HHH000490: Using JtaPlatform implementation: [org.hibernate.engine.transaction.jta.platform.internal.NoJtaPlatform]
11:36:34.630 [main] INFO  org.springframework.orm.jpa.LocalContainerEntityManagerFactoryBean - Initialized JPA EntityManagerFactory for persistence unit 'default'
11:36:35.379 [main] INFO  org.springframework.web.context.ContextLoader - Root WebApplicationContext initialized in 6083 ms
11:37:36.103 [http-nio-8080-exec-10] INFO  com.lostriver.tendamusicalweb.controllers.HomeController - INFO
11:37:36.104 [http-nio-8080-exec-10] WARN  com.lostriver.tendamusicalweb.controllers.HomeController - WARN
11:37:36.104 [http-nio-8080-exec-10] ERROR com.lostriver.tendamusicalweb.controllers.HomeController - ERROR
11:37:36.104 [http-nio-8080-exec-10] FATAL com.lostriver.tendamusicalweb.controllers.HomeController - FATAL
11:37:48.724 [http-nio-8080-exec-8] INFO  com.lostriver.tendamusicalweb.controllers.HomeController - Artista: Arctic Monkeys
11:37:48.725 [http-nio-8080-exec-8] INFO  com.lostriver.tendamusicalweb.controllers.HomeController - Artista: Iron Maiden
11:37:48.725 [http-nio-8080-exec-8] INFO  com.lostriver.tendamusicalweb.controllers.HomeController - Artista: Metallica
11:37:48.725 [http-nio-8080-exec-8] INFO  com.lostriver.tendamusicalweb.controllers.HomeController - Artista: Metallica
11:37:48.725 [http-nio-8080-exec-8] INFO  com.lostriver.tendamusicalweb.controllers.HomeController - Artista: Muse
11:38:43.290 [http-nio-8080-exec-9] INFO  com.lostriver.tendamusicalweb.controllers.HomeController - Artista: Arctic Monkeys
11:38:43.290 [http-nio-8080-exec-9] INFO  com.lostriver.tendamusicalweb.controllers.HomeController - Artista: Iron Maiden
11:38:43.291 [http-nio-8080-exec-9] INFO  com.lostriver.tendamusicalweb.controllers.HomeController - Artista: Metallica
11:38:43.291 [http-nio-8080-exec-9] INFO  com.lostriver.tendamusicalweb.controllers.HomeController - Artista: Metallica
11:38:43.291 [http-nio-8080-exec-9] INFO  com.lostriver.tendamusicalweb.controllers.HomeController - Artista: Muse
11:38:44.189 [http-nio-8080-exec-7] INFO  com.lostriver.tendamusicalweb.controllers.HomeController - Artista: Arctic Monkeys
11:38:44.229 [http-nio-8080-exec-7] INFO  com.lostriver.tendamusicalweb.controllers.HomeController - Artista: Iron Maiden
11:38:44.229 [http-nio-8080-exec-7] INFO  com.lostriver.tendamusicalweb.controllers.HomeController - Artista: Metallica
11:38:44.230 [http-nio-8080-exec-7] INFO  com.lostriver.tendamusicalweb.controllers.HomeController - Artista: Metallica
11:38:44.230 [http-nio-8080-exec-7] INFO  com.lostriver.tendamusicalweb.controllers.HomeController - Artista: Muse
11:38:45.093 [http-nio-8080-exec-1] INFO  com.lostriver.tendamusicalweb.controllers.HomeController - Artista: Arctic Monkeys
11:38:45.093 [http-nio-8080-exec-1] INFO  com.lostriver.tendamusicalweb.controllers.HomeController - Artista: Iron Maiden
11:38:45.093 [http-nio-8080-exec-1] INFO  com.lostriver.tendamusicalweb.controllers.HomeController - Artista: Metallica
11:38:45.093 [http-nio-8080-exec-1] INFO  com.lostriver.tendamusicalweb.controllers.HomeController - Artista: Metallica
11:38:45.093 [http-nio-8080-exec-1] INFO  com.lostriver.tendamusicalweb.controllers.HomeController - Artista: Muse
11:38:46.259 [http-nio-8080-exec-4] INFO  com.lostriver.tendamusicalweb.controllers.HomeController - Artista: Arctic Monkeys
11:38:46.259 [http-nio-8080-exec-4] INFO  com.lostriver.tendamusicalweb.controllers.HomeController - Artista: Iron Maiden
11:38:46.259 [http-nio-8080-exec-4] INFO  com.lostriver.tendamusicalweb.controllers.HomeController - Artista: Metallica
11:38:46.259 [http-nio-8080-exec-4] INFO  com.lostriver.tendamusicalweb.controllers.HomeController - Artista: Metallica
11:38:46.259 [http-nio-8080-exec-4] INFO  com.lostriver.tendamusicalweb.controllers.HomeController - Artista: Muse
11:38:47.129 [http-nio-8080-exec-10] INFO  com.lostriver.tendamusicalweb.controllers.HomeController - Artista: Arctic Monkeys
11:38:47.129 [http-nio-8080-exec-10] INFO  com.lostriver.tendamusicalweb.controllers.HomeController - Artista: Iron Maiden
11:38:47.129 [http-nio-8080-exec-10] INFO  com.lostriver.tendamusicalweb.controllers.HomeController - Artista: Metallica
11:38:47.129 [http-nio-8080-exec-10] INFO  com.lostriver.tendamusicalweb.controllers.HomeController - Artista: Metallica
11:38:47.130 [http-nio-8080-exec-10] INFO  com.lostriver.tendamusicalweb.controllers.HomeController - Artista: Muse
11:47:16.239 [main] INFO  org.springframework.web.context.ContextLoader - Root WebApplicationContext: initialization started
11:47:16.654 [main] INFO  org.springframework.data.repository.config.RepositoryConfigurationDelegate - Bootstrapping Spring Data JPA repositories in DEFAULT mode.
11:47:16.766 [main] INFO  org.springframework.data.repository.config.RepositoryConfigurationDelegate - Finished Spring Data repository scanning in 83 ms. Found 2 JPA repository interfaces.
11:47:16.808 [main] INFO  org.springframework.data.repository.config.RepositoryConfigurationDelegate - Bootstrapping Spring Data JPA repositories in DEFAULT mode.
11:47:16.832 [main] INFO  org.springframework.data.repository.config.RepositoryConfigurationDelegate - Finished Spring Data repository scanning in 23 ms. Found 2 JPA repository interfaces.
11:47:17.231 [main] INFO  org.hibernate.jpa.internal.util.LogHelper - HHH000204: Processing PersistenceUnitInfo [name: default]
11:47:17.336 [main] INFO  org.hibernate.Version - HHH000412: Hibernate ORM core version 5.6.11.Final
11:47:20.433 [main] INFO  org.hibernate.dialect.Dialect - HHH000400: Using dialect: org.hibernate.dialect.MySQLDialect
11:47:21.418 [main] INFO  org.hibernate.engine.transaction.jta.platform.internal.JtaPlatformInitiator - HHH000490: Using JtaPlatform implementation: [org.hibernate.engine.transaction.jta.platform.internal.NoJtaPlatform]
11:47:21.434 [main] INFO  org.springframework.orm.jpa.LocalContainerEntityManagerFactoryBean - Initialized JPA EntityManagerFactory for persistence unit 'default'
11:47:22.210 [main] INFO  org.springframework.web.context.ContextLoader - Root WebApplicationContext initialized in 5961 ms
11:48:05.516 [http-nio-8080-exec-8] INFO  com.lostriver.tendamusicalweb.controllers.HomeController - INFO
11:48:05.517 [http-nio-8080-exec-8] WARN  com.lostriver.tendamusicalweb.controllers.HomeController - WARN
11:48:05.517 [http-nio-8080-exec-8] ERROR com.lostriver.tendamusicalweb.controllers.HomeController - ERROR
11:48:05.517 [http-nio-8080-exec-8] FATAL com.lostriver.tendamusicalweb.controllers.HomeController - FATAL
13:40:15.289 [main] INFO  org.springframework.web.context.ContextLoader - Root WebApplicationContext: initialization started
13:40:15.771 [main] INFO  org.springframework.data.repository.config.RepositoryConfigurationDelegate - Bootstrapping Spring Data JPA repositories in DEFAULT mode.
13:40:15.912 [main] INFO  org.springframework.data.repository.config.RepositoryConfigurationDelegate - Finished Spring Data repository scanning in 118 ms. Found 2 JPA repository interfaces.
13:40:15.945 [main] INFO  org.springframework.data.repository.config.RepositoryConfigurationDelegate - Bootstrapping Spring Data JPA repositories in DEFAULT mode.
13:40:15.957 [main] INFO  org.springframework.data.repository.config.RepositoryConfigurationDelegate - Finished Spring Data repository scanning in 10 ms. Found 2 JPA repository interfaces.
13:40:16.531 [main] INFO  org.hibernate.jpa.internal.util.LogHelper - HHH000204: Processing PersistenceUnitInfo [name: default]
13:40:16.682 [main] INFO  org.hibernate.Version - HHH000412: Hibernate ORM core version 5.6.11.Final
13:40:19.754 [main] INFO  org.hibernate.dialect.Dialect - HHH000400: Using dialect: org.hibernate.dialect.MySQLDialect
13:40:20.706 [main] INFO  org.hibernate.engine.transaction.jta.platform.internal.JtaPlatformInitiator - HHH000490: Using JtaPlatform implementation: [org.hibernate.engine.transaction.jta.platform.internal.NoJtaPlatform]
13:40:20.722 [main] INFO  org.springframework.orm.jpa.LocalContainerEntityManagerFactoryBean - Initialized JPA EntityManagerFactory for persistence unit 'default'
13:40:21.453 [main] INFO  org.springframework.web.context.ContextLoader - Root WebApplicationContext initialized in 6148 ms
13:40:58.167 [http-nio-8080-exec-7] INFO  com.lostriver.tendamusicalweb.controllers.HomeController - INFO
13:40:58.167 [http-nio-8080-exec-7] WARN  com.lostriver.tendamusicalweb.controllers.HomeController - WARN
13:40:58.168 [http-nio-8080-exec-7] ERROR com.lostriver.tendamusicalweb.controllers.HomeController - ERROR
13:40:58.168 [http-nio-8080-exec-7] FATAL com.lostriver.tendamusicalweb.controllers.HomeController - FATAL
13:41:02.523 [http-nio-8080-exec-4] INFO  com.lostriver.tendamusicalweb.controllers.HomeController - Artista: Arctic Monkeys
13:41:02.523 [http-nio-8080-exec-4] INFO  com.lostriver.tendamusicalweb.controllers.HomeController - Artista: Iron Maiden
13:41:02.523 [http-nio-8080-exec-4] INFO  com.lostriver.tendamusicalweb.controllers.HomeController - Artista: Metallica
13:41:02.523 [http-nio-8080-exec-4] INFO  com.lostriver.tendamusicalweb.controllers.HomeController - Artista: Metallica
13:41:02.523 [http-nio-8080-exec-4] INFO  com.lostriver.tendamusicalweb.controllers.HomeController - Artista: Muse
13:41:58.538 [Catalina-utility-2] INFO  org.springframework.orm.jpa.LocalContainerEntityManagerFactoryBean - Closing JPA EntityManagerFactory for persistence unit 'default'
13:42:01.912 [Catalina-utility-2] INFO  org.springframework.web.context.ContextLoader - Root WebApplicationContext: initialization started
13:42:02.393 [Catalina-utility-2] INFO  org.springframework.data.repository.config.RepositoryConfigurationDelegate - Bootstrapping Spring Data JPA repositories in DEFAULT mode.
13:42:02.489 [Catalina-utility-2] INFO  org.springframework.data.repository.config.RepositoryConfigurationDelegate - Finished Spring Data repository scanning in 78 ms. Found 2 JPA repository interfaces.
13:42:02.507 [Catalina-utility-2] INFO  org.springframework.data.repository.config.RepositoryConfigurationDelegate - Bootstrapping Spring Data JPA repositories in DEFAULT mode.
13:42:02.514 [Catalina-utility-2] INFO  org.springframework.data.repository.config.RepositoryConfigurationDelegate - Finished Spring Data repository scanning in 7 ms. Found 2 JPA repository interfaces.
13:42:02.857 [Catalina-utility-2] INFO  org.hibernate.jpa.internal.util.LogHelper - HHH000204: Processing PersistenceUnitInfo [name: default]
13:42:02.951 [Catalina-utility-2] INFO  org.hibernate.Version - HHH000412: Hibernate ORM core version 5.6.11.Final
13:42:05.714 [Catalina-utility-2] INFO  org.hibernate.dialect.Dialect - HHH000400: Using dialect: org.hibernate.dialect.MySQLDialect
13:42:06.658 [Catalina-utility-2] INFO  org.hibernate.engine.transaction.jta.platform.internal.JtaPlatformInitiator - HHH000490: Using JtaPlatform implementation: [org.hibernate.engine.transaction.jta.platform.internal.NoJtaPlatform]
13:42:06.671 [Catalina-utility-2] INFO  org.springframework.orm.jpa.LocalContainerEntityManagerFactoryBean - Initialized JPA EntityManagerFactory for persistence unit 'default'
13:42:07.262 [Catalina-utility-2] INFO  org.springframework.web.context.ContextLoader - Root WebApplicationContext initialized in 5342 ms
13:42:22.549 [http-nio-8080-exec-8] INFO  com.lostriver.tendamusicalweb.controllers.HomeController - INFO
13:42:22.549 [http-nio-8080-exec-8] WARN  com.lostriver.tendamusicalweb.controllers.HomeController - WARN
13:42:22.549 [http-nio-8080-exec-8] ERROR com.lostriver.tendamusicalweb.controllers.HomeController - ERROR
13:42:22.549 [http-nio-8080-exec-8] FATAL com.lostriver.tendamusicalweb.controllers.HomeController - FATAL
13:42:27.206 [http-nio-8080-exec-1] INFO  com.lostriver.tendamusicalweb.controllers.HomeController - Artista: Arctic Monkeys
13:42:27.206 [http-nio-8080-exec-1] INFO  com.lostriver.tendamusicalweb.controllers.HomeController - Artista: Iron Maiden
13:42:27.206 [http-nio-8080-exec-1] INFO  com.lostriver.tendamusicalweb.controllers.HomeController - Artista: Metallica
13:42:27.207 [http-nio-8080-exec-1] INFO  com.lostriver.tendamusicalweb.controllers.HomeController - Artista: Metallica
13:42:27.207 [http-nio-8080-exec-1] INFO  com.lostriver.tendamusicalweb.controllers.HomeController - Artista: Muse
13:45:58.897 [http-nio-8080-exec-20] INFO  com.lostriver.tendamusicalweb.controllers.HomeController - INFO
13:45:58.898 [http-nio-8080-exec-20] WARN  com.lostriver.tendamusicalweb.controllers.HomeController - WARN
13:45:58.898 [http-nio-8080-exec-20] ERROR com.lostriver.tendamusicalweb.controllers.HomeController - ERROR
13:45:58.898 [http-nio-8080-exec-20] FATAL com.lostriver.tendamusicalweb.controllers.HomeController - FATAL
13:46:04.202 [http-nio-8080-exec-18] INFO  com.lostriver.tendamusicalweb.controllers.HomeController - Artista: Arctic Monkeys
13:46:04.202 [http-nio-8080-exec-18] INFO  com.lostriver.tendamusicalweb.controllers.HomeController - Artista: Iron Maiden
13:46:04.202 [http-nio-8080-exec-18] INFO  com.lostriver.tendamusicalweb.controllers.HomeController - Artista: Metallica
13:46:04.202 [http-nio-8080-exec-18] INFO  com.lostriver.tendamusicalweb.controllers.HomeController - Artista: Metallica
13:46:04.202 [http-nio-8080-exec-18] INFO  com.lostriver.tendamusicalweb.controllers.HomeController - Artista: Muse
13:51:36.737 [http-nio-8080-exec-17] INFO  com.lostriver.tendamusicalweb.controllers.HomeController - INFO
13:51:36.737 [http-nio-8080-exec-17] WARN  com.lostriver.tendamusicalweb.controllers.HomeController - WARN
13:51:36.737 [http-nio-8080-exec-17] ERROR com.lostriver.tendamusicalweb.controllers.HomeController - ERROR
13:51:36.737 [http-nio-8080-exec-17] FATAL com.lostriver.tendamusicalweb.controllers.HomeController - FATAL
13:51:43.359 [http-nio-8080-exec-13] INFO  com.lostriver.tendamusicalweb.controllers.HomeController - Artista: Arctic Monkeys
13:51:43.359 [http-nio-8080-exec-13] INFO  com.lostriver.tendamusicalweb.controllers.HomeController - Artista: Iron Maiden
13:51:43.359 [http-nio-8080-exec-13] INFO  com.lostriver.tendamusicalweb.controllers.HomeController - Artista: Metallica
13:51:43.359 [http-nio-8080-exec-13] INFO  com.lostriver.tendamusicalweb.controllers.HomeController - Artista: Metallica
13:51:43.359 [http-nio-8080-exec-13] INFO  com.lostriver.tendamusicalweb.controllers.HomeController - Artista: Muse
13:53:35.583 [http-nio-8080-exec-20] INFO  com.lostriver.tendamusicalweb.controllers.HomeController - INFO
13:53:35.583 [http-nio-8080-exec-20] WARN  com.lostriver.tendamusicalweb.controllers.HomeController - WARN
13:53:35.583 [http-nio-8080-exec-20] ERROR com.lostriver.tendamusicalweb.controllers.HomeController - ERROR
13:53:35.583 [http-nio-8080-exec-20] FATAL com.lostriver.tendamusicalweb.controllers.HomeController - FATAL
13:53:39.981 [http-nio-8080-exec-17] INFO  com.lostriver.tendamusicalweb.controllers.HomeController - Artista: Arctic Monkeys
13:53:39.981 [http-nio-8080-exec-17] INFO  com.lostriver.tendamusicalweb.controllers.HomeController - Artista: Iron Maiden
13:53:39.981 [http-nio-8080-exec-17] INFO  com.lostriver.tendamusicalweb.controllers.HomeController - Artista: Metallica
13:53:39.981 [http-nio-8080-exec-17] INFO  com.lostriver.tendamusicalweb.controllers.HomeController - Artista: Metallica
13:53:39.981 [http-nio-8080-exec-17] INFO  com.lostriver.tendamusicalweb.controllers.HomeController - Artista: Muse
13:56:24.793 [http-nio-8080-exec-17] INFO  com.lostriver.tendamusicalweb.controllers.HomeController - INFO
13:56:24.793 [http-nio-8080-exec-17] WARN  com.lostriver.tendamusicalweb.controllers.HomeController - WARN
13:56:24.794 [http-nio-8080-exec-17] ERROR com.lostriver.tendamusicalweb.controllers.HomeController - ERROR
13:56:24.794 [http-nio-8080-exec-17] FATAL com.lostriver.tendamusicalweb.controllers.HomeController - FATAL
13:56:29.156 [http-nio-8080-exec-18] INFO  com.lostriver.tendamusicalweb.controllers.HomeController - Artista: Arctic Monkeys
13:56:29.156 [http-nio-8080-exec-18] INFO  com.lostriver.tendamusicalweb.controllers.HomeController - Artista: Iron Maiden
13:56:29.156 [http-nio-8080-exec-18] INFO  com.lostriver.tendamusicalweb.controllers.HomeController - Artista: Metallica
13:56:29.156 [http-nio-8080-exec-18] INFO  com.lostriver.tendamusicalweb.controllers.HomeController - Artista: Metallica
13:56:29.156 [http-nio-8080-exec-18] INFO  com.lostriver.tendamusicalweb.controllers.HomeController - Artista: Muse
13:58:39.085 [http-nio-8080-exec-14] INFO  com.lostriver.tendamusicalweb.controllers.HomeController - INFO
13:58:39.085 [http-nio-8080-exec-14] WARN  com.lostriver.tendamusicalweb.controllers.HomeController - WARN
13:58:39.085 [http-nio-8080-exec-14] ERROR com.lostriver.tendamusicalweb.controllers.HomeController - ERROR
13:58:39.085 [http-nio-8080-exec-14] FATAL com.lostriver.tendamusicalweb.controllers.HomeController - FATAL
13:58:43.140 [http-nio-8080-exec-19] INFO  com.lostriver.tendamusicalweb.controllers.HomeController - Artista: Arctic Monkeys
13:58:43.140 [http-nio-8080-exec-19] INFO  com.lostriver.tendamusicalweb.controllers.HomeController - Artista: Iron Maiden
13:58:43.140 [http-nio-8080-exec-19] INFO  com.lostriver.tendamusicalweb.controllers.HomeController - Artista: Metallica
13:58:43.140 [http-nio-8080-exec-19] INFO  com.lostriver.tendamusicalweb.controllers.HomeController - Artista: Metallica
13:58:43.141 [http-nio-8080-exec-19] INFO  com.lostriver.tendamusicalweb.controllers.HomeController - Artista: Muse
13:59:48.841 [main] INFO  org.springframework.web.context.ContextLoader - Root WebApplicationContext: initialization started
13:59:49.396 [main] INFO  org.springframework.data.repository.config.RepositoryConfigurationDelegate - Bootstrapping Spring Data JPA repositories in DEFAULT mode.
13:59:49.503 [main] INFO  org.springframework.data.repository.config.RepositoryConfigurationDelegate - Finished Spring Data repository scanning in 85 ms. Found 2 JPA repository interfaces.
13:59:49.542 [main] INFO  org.springframework.data.repository.config.RepositoryConfigurationDelegate - Bootstrapping Spring Data JPA repositories in DEFAULT mode.
13:59:49.553 [main] INFO  org.springframework.data.repository.config.RepositoryConfigurationDelegate - Finished Spring Data repository scanning in 10 ms. Found 2 JPA repository interfaces.
13:59:49.961 [main] INFO  org.hibernate.jpa.internal.util.LogHelper - HHH000204: Processing PersistenceUnitInfo [name: default]
13:59:50.064 [main] INFO  org.hibernate.Version - HHH000412: Hibernate ORM core version 5.6.11.Final
13:59:53.137 [main] INFO  org.hibernate.dialect.Dialect - HHH000400: Using dialect: org.hibernate.dialect.MySQLDialect
13:59:54.050 [main] INFO  org.hibernate.engine.transaction.jta.platform.internal.JtaPlatformInitiator - HHH000490: Using JtaPlatform implementation: [org.hibernate.engine.transaction.jta.platform.internal.NoJtaPlatform]
13:59:54.069 [main] INFO  org.springframework.orm.jpa.LocalContainerEntityManagerFactoryBean - Initialized JPA EntityManagerFactory for persistence unit 'default'
13:59:54.873 [main] INFO  org.springframework.web.context.ContextLoader - Root WebApplicationContext initialized in 6011 ms
14:00:06.209 [http-nio-8080-exec-3] INFO  com.lostriver.tendamusicalweb.controllers.HomeController - INFO
14:00:06.211 [http-nio-8080-exec-3] WARN  com.lostriver.tendamusicalweb.controllers.HomeController - WARN
14:00:06.212 [http-nio-8080-exec-3] ERROR com.lostriver.tendamusicalweb.controllers.HomeController - ERROR
14:00:06.212 [http-nio-8080-exec-3] FATAL com.lostriver.tendamusicalweb.controllers.HomeController - FATAL
14:00:13.056 [http-nio-8080-exec-10] INFO  com.lostriver.tendamusicalweb.controllers.HomeController - Artista: Arctic Monkeys
14:00:13.056 [http-nio-8080-exec-10] INFO  com.lostriver.tendamusicalweb.controllers.HomeController - Artista: Iron Maiden
14:00:13.056 [http-nio-8080-exec-10] INFO  com.lostriver.tendamusicalweb.controllers.HomeController - Artista: Metallica
14:00:13.056 [http-nio-8080-exec-10] INFO  com.lostriver.tendamusicalweb.controllers.HomeController - Artista: Metallica
14:00:13.056 [http-nio-8080-exec-10] INFO  com.lostriver.tendamusicalweb.controllers.HomeController - Artista: Muse
14:01:32.891 [http-nio-8080-exec-10] INFO  com.lostriver.tendamusicalweb.controllers.HomeController - INFO
14:01:32.891 [http-nio-8080-exec-10] WARN  com.lostriver.tendamusicalweb.controllers.HomeController - WARN
14:01:32.892 [http-nio-8080-exec-10] ERROR com.lostriver.tendamusicalweb.controllers.HomeController - ERROR
14:01:32.892 [http-nio-8080-exec-10] FATAL com.lostriver.tendamusicalweb.controllers.HomeController - FATAL
14:01:36.302 [http-nio-8080-exec-1] INFO  com.lostriver.tendamusicalweb.controllers.HomeController - Artista: Arctic Monkeys
14:01:36.302 [http-nio-8080-exec-1] INFO  com.lostriver.tendamusicalweb.controllers.HomeController - Artista: Iron Maiden
14:01:36.302 [http-nio-8080-exec-1] INFO  com.lostriver.tendamusicalweb.controllers.HomeController - Artista: Metallica
14:01:36.302 [http-nio-8080-exec-1] INFO  com.lostriver.tendamusicalweb.controllers.HomeController - Artista: Metallica
14:01:36.302 [http-nio-8080-exec-1] INFO  com.lostriver.tendamusicalweb.controllers.HomeController - Artista: Muse
14:04:47.416 [main] INFO  org.springframework.web.context.ContextLoader - Root WebApplicationContext: initialization started
14:04:47.838 [main] INFO  org.springframework.data.repository.config.RepositoryConfigurationDelegate - Bootstrapping Spring Data JPA repositories in DEFAULT mode.
14:04:47.948 [main] INFO  org.springframework.data.repository.config.RepositoryConfigurationDelegate - Finished Spring Data repository scanning in 88 ms. Found 2 JPA repository interfaces.
14:04:47.977 [main] INFO  org.springframework.data.repository.config.RepositoryConfigurationDelegate - Bootstrapping Spring Data JPA repositories in DEFAULT mode.
14:04:47.987 [main] INFO  org.springframework.data.repository.config.RepositoryConfigurationDelegate - Finished Spring Data repository scanning in 9 ms. Found 2 JPA repository interfaces.
14:04:48.613 [main] INFO  org.hibernate.jpa.internal.util.LogHelper - HHH000204: Processing PersistenceUnitInfo [name: default]
14:04:48.723 [main] INFO  org.hibernate.Version - HHH000412: Hibernate ORM core version 5.6.11.Final
14:04:51.722 [main] INFO  org.hibernate.dialect.Dialect - HHH000400: Using dialect: org.hibernate.dialect.MySQLDialect
14:04:52.633 [main] INFO  org.hibernate.engine.transaction.jta.platform.internal.JtaPlatformInitiator - HHH000490: Using JtaPlatform implementation: [org.hibernate.engine.transaction.jta.platform.internal.NoJtaPlatform]
14:04:52.648 [main] INFO  org.springframework.orm.jpa.LocalContainerEntityManagerFactoryBean - Initialized JPA EntityManagerFactory for persistence unit 'default'
14:04:53.388 [main] INFO  org.springframework.web.context.ContextLoader - Root WebApplicationContext initialized in 5961 ms
14:05:05.513 [http-nio-8080-exec-5] INFO  com.lostriver.tendamusicalweb.controllers.HomeController - INFO
14:05:05.514 [http-nio-8080-exec-5] WARN  com.lostriver.tendamusicalweb.controllers.HomeController - WARN
14:05:05.514 [http-nio-8080-exec-5] ERROR com.lostriver.tendamusicalweb.controllers.HomeController - ERROR
14:05:05.514 [http-nio-8080-exec-5] FATAL com.lostriver.tendamusicalweb.controllers.HomeController - FATAL
14:05:10.445 [http-nio-8080-exec-6] INFO  com.lostriver.tendamusicalweb.controllers.HomeController - Artista: Arctic Monkeys
14:05:10.445 [http-nio-8080-exec-6] INFO  com.lostriver.tendamusicalweb.controllers.HomeController - Artista: Iron Maiden
14:05:10.445 [http-nio-8080-exec-6] INFO  com.lostriver.tendamusicalweb.controllers.HomeController - Artista: Metallica
14:05:10.445 [http-nio-8080-exec-6] INFO  com.lostriver.tendamusicalweb.controllers.HomeController - Artista: Metallica
14:05:10.445 [http-nio-8080-exec-6] INFO  com.lostriver.tendamusicalweb.controllers.HomeController - Artista: Muse
14:08:44.740 [http-nio-8080-exec-8] INFO  com.lostriver.tendamusicalweb.controllers.HomeController - INFO
14:08:44.740 [http-nio-8080-exec-8] WARN  com.lostriver.tendamusicalweb.controllers.HomeController - WARN
14:08:44.740 [http-nio-8080-exec-8] ERROR com.lostriver.tendamusicalweb.controllers.HomeController - ERROR
14:08:44.740 [http-nio-8080-exec-8] FATAL com.lostriver.tendamusicalweb.controllers.HomeController - FATAL
14:08:48.698 [http-nio-8080-exec-2] INFO  com.lostriver.tendamusicalweb.controllers.HomeController - Artista: Arctic Monkeys
14:08:48.698 [http-nio-8080-exec-2] INFO  com.lostriver.tendamusicalweb.controllers.HomeController - Artista: Iron Maiden
14:08:48.698 [http-nio-8080-exec-2] INFO  com.lostriver.tendamusicalweb.controllers.HomeController - Artista: Metallica
14:08:48.698 [http-nio-8080-exec-2] INFO  com.lostriver.tendamusicalweb.controllers.HomeController - Artista: Metallica
14:08:48.699 [http-nio-8080-exec-2] INFO  com.lostriver.tendamusicalweb.controllers.HomeController - Artista: Muse
14:36:03.413 [main] INFO  org.springframework.web.context.ContextLoader - Root WebApplicationContext: initialization started
14:36:03.837 [main] INFO  org.springframework.data.repository.config.RepositoryConfigurationDelegate - Bootstrapping Spring Data JPA repositories in DEFAULT mode.
14:36:03.955 [main] INFO  org.springframework.data.repository.config.RepositoryConfigurationDelegate - Finished Spring Data repository scanning in 98 ms. Found 2 JPA repository interfaces.
14:36:03.991 [main] INFO  org.springframework.data.repository.config.RepositoryConfigurationDelegate - Bootstrapping Spring Data JPA repositories in DEFAULT mode.
14:36:04.007 [main] INFO  org.springframework.data.repository.config.RepositoryConfigurationDelegate - Finished Spring Data repository scanning in 15 ms. Found 2 JPA repository interfaces.
14:36:04.460 [main] INFO  org.hibernate.jpa.internal.util.LogHelper - HHH000204: Processing PersistenceUnitInfo [name: default]
14:36:04.575 [main] INFO  org.hibernate.Version - HHH000412: Hibernate ORM core version 5.6.11.Final
14:36:07.659 [main] INFO  org.hibernate.dialect.Dialect - HHH000400: Using dialect: org.hibernate.dialect.MySQLDialect
14:36:08.594 [main] INFO  org.hibernate.engine.transaction.jta.platform.internal.JtaPlatformInitiator - HHH000490: Using JtaPlatform implementation: [org.hibernate.engine.transaction.jta.platform.internal.NoJtaPlatform]
14:36:08.609 [main] INFO  org.springframework.orm.jpa.LocalContainerEntityManagerFactoryBean - Initialized JPA EntityManagerFactory for persistence unit 'default'
14:36:09.330 [main] INFO  org.springframework.web.context.ContextLoader - Root WebApplicationContext initialized in 5903 ms
14:37:52.790 [http-nio-8080-exec-3] INFO  com.lostriver.tendamusicalweb.controllers.HomeController - INFO
14:37:52.791 [http-nio-8080-exec-3] WARN  com.lostriver.tendamusicalweb.controllers.HomeController - WARN
14:37:52.791 [http-nio-8080-exec-3] ERROR com.lostriver.tendamusicalweb.controllers.HomeController - ERROR
14:37:52.791 [http-nio-8080-exec-3] FATAL com.lostriver.tendamusicalweb.controllers.HomeController - FATAL
14:37:59.537 [http-nio-8080-exec-7] INFO  com.lostriver.tendamusicalweb.controllers.HomeController - Artista: Arctic Monkeys
14:37:59.538 [http-nio-8080-exec-7] INFO  com.lostriver.tendamusicalweb.controllers.HomeController - Artista: Iron Maiden
14:37:59.538 [http-nio-8080-exec-7] INFO  com.lostriver.tendamusicalweb.controllers.HomeController - Artista: Metallica
14:37:59.538 [http-nio-8080-exec-7] INFO  com.lostriver.tendamusicalweb.controllers.HomeController - Artista: Metallica
14:37:59.538 [http-nio-8080-exec-7] INFO  com.lostriver.tendamusicalweb.controllers.HomeController - Artista: Muse
14:43:33.808 [http-nio-8080-exec-9] INFO  com.lostriver.tendamusicalweb.controllers.HomeController - INFO
14:43:33.809 [http-nio-8080-exec-9] WARN  com.lostriver.tendamusicalweb.controllers.HomeController - WARN
14:43:33.809 [http-nio-8080-exec-9] ERROR com.lostriver.tendamusicalweb.controllers.HomeController - ERROR
14:43:33.809 [http-nio-8080-exec-9] FATAL com.lostriver.tendamusicalweb.controllers.HomeController - FATAL
14:43:38.063 [http-nio-8080-exec-6] INFO  com.lostriver.tendamusicalweb.controllers.HomeController - Artista: Arctic Monkeys
14:43:38.063 [http-nio-8080-exec-6] INFO  com.lostriver.tendamusicalweb.controllers.HomeController - Artista: Iron Maiden
14:43:38.063 [http-nio-8080-exec-6] INFO  com.lostriver.tendamusicalweb.controllers.HomeController - Artista: Metallica
14:43:38.063 [http-nio-8080-exec-6] INFO  com.lostriver.tendamusicalweb.controllers.HomeController - Artista: Metallica
14:43:38.063 [http-nio-8080-exec-6] INFO  com.lostriver.tendamusicalweb.controllers.HomeController - Artista: Muse
14:54:29.731 [http-nio-8080-exec-7] INFO  com.lostriver.tendamusicalweb.controllers.HomeController - INFO
14:54:29.732 [http-nio-8080-exec-7] WARN  com.lostriver.tendamusicalweb.controllers.HomeController - WARN
14:54:29.732 [http-nio-8080-exec-7] ERROR com.lostriver.tendamusicalweb.controllers.HomeController - ERROR
14:54:29.732 [http-nio-8080-exec-7] FATAL com.lostriver.tendamusicalweb.controllers.HomeController - FATAL
14:56:30.979 [http-nio-8080-exec-2] INFO  com.lostriver.tendamusicalweb.controllers.HomeController - INFO
14:56:30.980 [http-nio-8080-exec-2] WARN  com.lostriver.tendamusicalweb.controllers.HomeController - WARN
14:56:30.980 [http-nio-8080-exec-2] ERROR com.lostriver.tendamusicalweb.controllers.HomeController - ERROR
14:56:30.980 [http-nio-8080-exec-2] FATAL com.lostriver.tendamusicalweb.controllers.HomeController - FATAL
14:56:39.642 [http-nio-8080-exec-4] INFO  com.lostriver.tendamusicalweb.controllers.HomeController - Artista: Arctic Monkeys
14:56:39.642 [http-nio-8080-exec-4] INFO  com.lostriver.tendamusicalweb.controllers.HomeController - Artista: Iron Maiden
14:56:39.642 [http-nio-8080-exec-4] INFO  com.lostriver.tendamusicalweb.controllers.HomeController - Artista: Metallica
14:56:39.642 [http-nio-8080-exec-4] INFO  com.lostriver.tendamusicalweb.controllers.HomeController - Artista: Metallica
14:56:39.642 [http-nio-8080-exec-4] INFO  com.lostriver.tendamusicalweb.controllers.HomeController - Artista: Muse
15:29:22.693 [main] INFO  org.springframework.web.context.ContextLoader - Root WebApplicationContext: initialization started
15:29:23.249 [main] INFO  org.springframework.data.repository.config.RepositoryConfigurationDelegate - Bootstrapping Spring Data JPA repositories in DEFAULT mode.
15:29:23.403 [main] INFO  org.springframework.data.repository.config.RepositoryConfigurationDelegate - Finished Spring Data repository scanning in 124 ms. Found 2 JPA repository interfaces.
15:29:23.453 [main] INFO  org.springframework.data.repository.config.RepositoryConfigurationDelegate - Bootstrapping Spring Data JPA repositories in DEFAULT mode.
15:29:23.495 [main] INFO  org.springframework.data.repository.config.RepositoryConfigurationDelegate - Finished Spring Data repository scanning in 41 ms. Found 2 JPA repository interfaces.
15:29:24.016 [main] INFO  org.hibernate.jpa.internal.util.LogHelper - HHH000204: Processing PersistenceUnitInfo [name: default]
15:29:24.160 [main] INFO  org.hibernate.Version - HHH000412: Hibernate ORM core version 5.6.11.Final
15:29:27.234 [main] INFO  org.hibernate.dialect.Dialect - HHH000400: Using dialect: org.hibernate.dialect.MySQLDialect
15:29:28.368 [main] INFO  org.hibernate.engine.transaction.jta.platform.internal.JtaPlatformInitiator - HHH000490: Using JtaPlatform implementation: [org.hibernate.engine.transaction.jta.platform.internal.NoJtaPlatform]
15:29:28.386 [main] INFO  org.springframework.orm.jpa.LocalContainerEntityManagerFactoryBean - Initialized JPA EntityManagerFactory for persistence unit 'default'
15:29:29.160 [main] INFO  org.springframework.web.context.ContextLoader - Root WebApplicationContext initialized in 6426 ms
15:29:55.025 [http-nio-8080-exec-6] INFO  com.lostriver.tendamusicalweb.controllers.HomeController - INFO
15:29:55.025 [http-nio-8080-exec-6] WARN  com.lostriver.tendamusicalweb.controllers.HomeController - WARN
15:29:55.025 [http-nio-8080-exec-6] ERROR com.lostriver.tendamusicalweb.controllers.HomeController - ERROR
15:29:55.025 [http-nio-8080-exec-6] FATAL com.lostriver.tendamusicalweb.controllers.HomeController - FATAL
15:30:10.048 [http-nio-8080-exec-6] INFO  com.lostriver.tendamusicalweb.controllers.HomeController - Artista: AC-DC
15:30:10.049 [http-nio-8080-exec-6] INFO  com.lostriver.tendamusicalweb.controllers.HomeController - Artista: Arctic Monkeys
15:30:10.049 [http-nio-8080-exec-6] INFO  com.lostriver.tendamusicalweb.controllers.HomeController - Artista: Iron Maiden
15:30:10.049 [http-nio-8080-exec-6] INFO  com.lostriver.tendamusicalweb.controllers.HomeController - Artista: Metallica
15:30:10.049 [http-nio-8080-exec-6] INFO  com.lostriver.tendamusicalweb.controllers.HomeController - Artista: Metallica
15:30:10.049 [http-nio-8080-exec-6] INFO  com.lostriver.tendamusicalweb.controllers.HomeController - Artista: Muse
